Log file open, 11/17/20 12:34:01
LogWindows: Failed to load 'aqProf.dll' (GetLastError=126)
LogWindows: File 'aqProf.dll' does not exist
LogWindows: Failed to load 'VtuneApi.dll' (GetLastError=126)
LogWindows: File 'VtuneApi.dll' does not exist
LogWindows: Failed to load 'VtuneApi32e.dll' (GetLastError=126)
LogWindows: File 'VtuneApi32e.dll' does not exist
LogConsoleResponse: Display: Failed to find resolution value strings in scalability ini. Falling back to default.
LogInit: Display: Running engine for game: D2
LogPlatformFile: Not using cached read wrapper
LogTaskGraph: Started task graph with 5 named threads and 20 total threads with 3 sets of task threads.
LogStats: Stats thread started at 0.063289
LogD3D11RHI: Loaded GFSDK_Aftermath_Lib.x64.dll
LogICUInternationalization: ICU TimeZone Detection - Raw Offset: +1:00, Platform Override: ''
LogPluginManager: Mounting plugin Paper2D
LogPluginManager: Mounting plugin AISupport
LogPluginManager: Mounting plugin LightPropagationVolume
LogPluginManager: Mounting plugin ActorLayerUtilities
LogPluginManager: Mounting plugin AnimationSharing
LogPluginManager: Mounting plugin CLionSourceCodeAccess
LogPluginManager: Mounting plugin CodeLiteSourceCodeAccess
LogPluginManager: Mounting plugin GitSourceControl
LogPluginManager: Mounting plugin KDevelopSourceCodeAccess
LogPluginManager: Mounting plugin NullSourceCodeAccess
LogPluginManager: Mounting plugin PerforceSourceControl
LogPluginManager: Mounting plugin PlasticSourceControl
LogPluginManager: Mounting plugin SubversionSourceControl
LogPluginManager: Mounting plugin UObjectPlugin
LogPluginManager: Mounting plugin VisualStudioCodeSourceCodeAccess
LogPluginManager: Mounting plugin VisualStudioSourceCodeAccess
LogPluginManager: Mounting plugin XCodeSourceCodeAccess
LogPluginManager: Mounting plugin AssetManagerEditor
LogPluginManager: Mounting plugin CryptoKeys
LogPluginManager: Mounting plugin CurveEditorTools
LogPluginManager: Mounting plugin DataValidation
LogPluginManager: Mounting plugin FacialAnimation
LogPluginManager: Mounting plugin GameplayTagsEditor
LogPluginManager: Mounting plugin MacGraphicsSwitching
LogPluginManager: Mounting plugin MaterialAnalyzer
LogPluginManager: Mounting plugin MobileLauncherProfileWizard
LogPluginManager: Mounting plugin PluginBrowser
LogPluginManager: Mounting plugin SpeedTreeImporter
LogPluginManager: Mounting plugin DatasmithContent
LogPluginManager: Mounting plugin VariantManagerContent
LogPluginManager: Mounting plugin AlembicImporter
LogPluginManager: Mounting plugin AutomationUtils
LogPluginManager: Mounting plugin BackChannel
LogPluginManager: Mounting plugin CharacterAI
LogPluginManager: Mounting plugin GeometryCache
LogPluginManager: Mounting plugin PlatformCrypto
LogPluginManager: Mounting plugin ProxyLODPlugin
LogPluginManager: Mounting plugin SkeletalReduction
LogPluginManager: Mounting plugin MagicLeap
LogPluginManager: Mounting plugin MagicLeapMedia
LogPluginManager: Mounting plugin MLSDK
LogPluginManager: Mounting plugin AndroidMedia
LogPluginManager: Mounting plugin AvfMedia
LogPluginManager: Mounting plugin ImgMedia
LogPluginManager: Mounting plugin MediaCompositing
LogPluginManager: Mounting plugin MediaPlayerEditor
LogPluginManager: Mounting plugin WebMMedia
LogPluginManager: Mounting plugin WmfMedia
LogPluginManager: Mounting plugin TcpMessaging
LogPluginManager: Mounting plugin UdpMessaging
LogPluginManager: Mounting plugin ActorSequence
LogPluginManager: Mounting plugin LevelSequenceEditor
LogPluginManager: Mounting plugin MatineeToLevelSequence
LogPluginManager: Mounting plugin NetcodeUnitTest
LogPluginManager: Mounting plugin NUTUnrealEngine4
LogPluginManager: Mounting plugin OnlineSubsystemGooglePlay
LogPluginManager: Mounting plugin OnlineSubsystemIOS
LogPluginManager: Mounting plugin OnlineSubsystem
LogPluginManager: Mounting plugin OnlineSubsystemNull
LogPluginManager: Mounting plugin OnlineSubsystemUtils
LogPluginManager: Mounting plugin LauncherChunkInstaller
LogPluginManager: Mounting plugin AndroidDeviceProfileSelector
LogPluginManager: Mounting plugin AndroidMoviePlayer
LogPluginManager: Mounting plugin AndroidPermission
LogPluginManager: Mounting plugin ApexDestruction
LogPluginManager: Mounting plugin AppleImageUtils
LogPluginManager: Mounting plugin AppleMoviePlayer
LogPluginManager: Mounting plugin ArchVisCharacter
LogPluginManager: Mounting plugin AssetTags
LogPluginManager: Mounting plugin AudioCapture
LogPluginManager: Mounting plugin CableComponent
LogPluginManager: Mounting plugin CustomMeshComponent
LogPluginManager: Mounting plugin EditableMesh
LogPluginManager: Mounting plugin ExampleDeviceProfileSelector
LogPluginManager: Mounting plugin GoogleCloudMessaging
LogPluginManager: Mounting plugin IOSDeviceProfileSelector
LogPluginManager: Mounting plugin LinuxDeviceProfileSelector
LogPluginManager: Mounting plugin LocationServicesBPLibrary
LogPluginManager: Mounting plugin MobilePatchingUtils
LogPluginManager: Mounting plugin OculusVR
LogPluginManager: Mounting plugin PhysXVehicles
LogPluginManager: Mounting plugin PostSplashScreen
LogPluginManager: Mounting plugin ProceduralMeshComponent
LogPluginManager: Mounting plugin RuntimePhysXCooking
LogPluginManager: Mounting plugin SignificanceManager
LogPluginManager: Mounting plugin SteamVR
LogPluginManager: Mounting plugin WebMMoviePlayer
LogPluginManager: Mounting plugin WindowsMoviePlayer
LogPluginManager: Mounting plugin ScreenshotTools
LogInit: Using libcurl 7.55.1-DEV
LogInit:  - built for x86_64-pc-win32
LogInit:  - supports SSL with OpenSSL/1.1.1
LogInit:  - supports HTTP deflate (compression) using libz 1.2.8
LogInit:  - other features:
LogInit:      CURL_VERSION_SSL
LogInit:      CURL_VERSION_LIBZ
LogInit:      CURL_VERSION_IPV6
LogInit:      CURL_VERSION_ASYNCHDNS
LogInit:      CURL_VERSION_LARGEFILE
LogInit:      CURL_VERSION_IDN
LogInit:  CurlRequestOptions (configurable via config and command line):
LogInit:  - bVerifyPeer = true  - Libcurl will verify peer certificate
LogInit:  - bUseHttpProxy = false  - Libcurl will NOT use HTTP proxy
LogInit:  - bDontReuseConnections = false  - Libcurl will reuse connections
LogInit:  - MaxHostConnections = 16  - Libcurl will limit the number of connections to a host
LogInit:  - LocalHostAddr = Default
LogInit:  - BufferSize = 65536
LogOnline: OSS: Creating online subsystem instance for: NULL
LogInit: WinSock: version 1.1 (2.2), MaxSocks=32767, MaxUdp=65467
LogOnline: OSS: TryLoadSubsystemAndSetDefault: Loaded subsystem for module [NULL]
LogInit: Build: ++UE4+Release-4.24-CL-11590370
LogInit: Engine Version: 4.24.3-11590370+++UE4+Release-4.24
LogInit: Compatible Engine Version: 4.24.0-10570792+++UE4+Release-4.24
LogInit: Net CL: 10570792
LogInit: OS: Windows 10 (Release 1909) (), CPU: Intel(R) Core(TM) i5-8600K CPU @ 3.60GHz, GPU: NVIDIA GeForce GTX 1060 6GB
LogInit: Compiled (64-bit): Feb 24 2020 15:39:18
LogInit: Compiled with Visual C++: 19.16.27032.01
LogInit: Build Configuration: Development
LogInit: Branch Name: ++UE4+Release-4.24
LogInit: Command Line:  -EpicPortal -epicusername=PerSkiX -epicuserid=b0ccde2044094f76bae6492f92ae8ea1 -epiclocale=en
LogInit: Base Directory: D:/UnrealEngine/UE_4.24/Engine/Binaries/Win64/
LogInit: Installed Engine Build: 1
LogDevObjectVersion: Number of dev versions registered: 25
LogDevObjectVersion:   Dev-Blueprints (B0D832E4-1F89-4F0D-ACCF-7EB736FD4AA2): 10
LogDevObjectVersion:   Dev-Build (E1C64328-A22C-4D53-A36C-8E866417BD8C): 0
LogDevObjectVersion:   Dev-Core (375EC13C-06E4-48FB-B500-84F0262A717E): 3
LogDevObjectVersion:   Dev-Editor (E4B068ED-F494-42E9-A231-DA0B2E46BB41): 37
LogDevObjectVersion:   Dev-Framework (CFFC743F-43B0-4480-9391-14DF171D2073): 36
LogDevObjectVersion:   Dev-Mobile (B02B49B5-BB20-44E9-A304-32B752E40360): 2
LogDevObjectVersion:   Dev-Networking (A4E4105C-59A1-49B5-A7C5-40C4547EDFEE): 0
LogDevObjectVersion:   Dev-Online (39C831C9-5AE6-47DC-9A44-9C173E1C8E7C): 0
LogDevObjectVersion:   Dev-Physics (78F01B33-EBEA-4F98-B9B4-84EACCB95AA2): 2
LogDevObjectVersion:   Dev-Platform (6631380F-2D4D-43E0-8009-CF276956A95A): 0
LogDevObjectVersion:   Dev-Rendering (12F88B9F-8875-4AFC-A67C-D90C383ABD29): 36
LogDevObjectVersion:   Dev-Sequencer (7B5AE74C-D270-4C10-A958-57980B212A5A): 11
LogDevObjectVersion:   Dev-VR (D7296918-1DD6-4BDD-9DE2-64A83CC13884): 2
LogDevObjectVersion:   Dev-LoadTimes (C2A15278-BFE7-4AFE-6C17-90FF531DF755): 1
LogDevObjectVersion:   Private-Geometry (6EACA3D4-40EC-4CC1-B786-8BED09428FC5): 3
LogDevObjectVersion:   Dev-AnimPhys (29E575DD-E0A3-4627-9D10-D276232CDCEA): 17
LogDevObjectVersion:   Dev-Anim (AF43A65D-7FD3-4947-9873-3E8ED9C1BB05): 2
LogDevObjectVersion:   Dev-ReflectionCapture (6B266CEC-1EC7-4B8F-A30B-E4D90942FC07): 1
LogDevObjectVersion:   Dev-Automation (0DF73D61-A23F-47EA-B727-89E90C41499A): 1
LogDevObjectVersion:   FortniteMain (601D1886-AC64-4F84-AA16-D3DE0DEAC7D6): 31
LogDevObjectVersion:   Dev-Enterprise (9DFFBCD6-494F-0158-E221-12823C92A888): 8
LogDevObjectVersion:   Dev-Niagara (F2AED0AC-9AFE-416F-8664-AA7FFA26D6FC): 1
LogDevObjectVersion:   Dev-Destruction (174F1F0B-B4C6-45A5-B13F-2EE8D0FB917D): 9
LogDevObjectVersion:   Dev-Physics-Ext (35F94A83-E258-406C-A318-09F59610247C): 8
LogDevObjectVersion:   Dev-CineCamera (B2E18506-4273-CFC2-A54E-F4BB758BBA07): 1
LogInit: Presizing for max 25165824 objects, including 0 objects not considered by GC, pre-allocating 0 bytes for permanent pool.
LogInit: Object subsystem initialized
LogConfig: Setting CVar [[con.DebugEarlyDefault:1]]
LogConfig: Setting CVar [[r.setres:1280x720]]
[2020.11.17-11.34.01:279][  0]LogConfig: Setting CVar [[r.VSync:0]]
[2020.11.17-11.34.01:279][  0]LogConfig: Setting CVar [[r.RHICmdBypass:0]]
[2020.11.17-11.34.01:279][  0]LogConfig: Applying CVar settings from Section [/Script/Engine.RendererSettings] File [C:/Users/Admin/Documents/GitHub/2DD2Reality/D2/Saved/Config/Windows/Engine.ini]
[2020.11.17-11.34.01:279][  0]LogConfig: Setting CVar [[r.GPUCrashDebugging:0]]
[2020.11.17-11.34.01:279][  0]LogConfig: Setting CVar [[r.MobileHDR:1]]
[2020.11.17-11.34.01:279][  0]LogConfig: Setting CVar [[r.Mobile.DisableVertexFog:1]]
[2020.11.17-11.34.01:279][  0]LogConfig: Setting CVar [[r.Shadow.CSM.MaxMobileCascades:2]]
[2020.11.17-11.34.01:279][  0]LogConfig: Setting CVar [[r.MobileMSAA:1]]
[2020.11.17-11.34.01:279][  0]LogConfig: Setting CVar [[r.Mobile.UseLegacyShadingModel:0]]
[2020.11.17-11.34.01:279][  0]LogConfig: Setting CVar [[r.Mobile.UseHWsRGBEncoding:0]]
[2020.11.17-11.34.01:279][  0]LogConfig: Setting CVar [[r.Mobile.AllowDitheredLODTransition:0]]
[2020.11.17-11.34.01:279][  0]LogConfig: Setting CVar [[r.Mobile.AllowSoftwareOcclusion:0]]
[2020.11.17-11.34.01:279][  0]LogConfig: Setting CVar [[r.DiscardUnusedQuality:0]]
[2020.11.17-11.34.01:279][  0]LogConfig: Setting CVar [[r.AllowOcclusionQueries:1]]
[2020.11.17-11.34.01:279][  0]LogConfig: Setting CVar [[r.MinScreenRadiusForLights:0.030000]]
[2020.11.17-11.34.01:279][  0]LogConfig: Setting CVar [[r.MinScreenRadiusForDepthPrepass:0.030000]]
[2020.11.17-11.34.01:279][  0]LogConfig: Setting CVar [[r.MinScreenRadiusForCSMDepth:0.010000]]
[2020.11.17-11.34.01:279][  0]LogConfig: Setting CVar [[r.PrecomputedVisibilityWarning:0]]
[2020.11.17-11.34.01:279][  0]LogConfig: Setting CVar [[r.TextureStreaming:1]]
[2020.11.17-11.34.01:279][  0]LogConfig: Setting CVar [[Compat.UseDXT5NormalMaps:0]]
[2020.11.17-11.34.01:279][  0]LogConfig: Setting CVar [[r.VirtualTextures:0]]
[2020.11.17-11.34.01:279][  0]LogConfig: Setting CVar [[r.VirtualTexturedLightmaps:0]]
[2020.11.17-11.34.01:279][  0]LogConfig: Setting CVar [[r.VT.TileSize:128]]
[2020.11.17-11.34.01:279][  0]LogConfig: Setting CVar [[r.VT.TileBorderSize:4]]
[2020.11.17-11.34.01:279][  0]LogConfig: Setting CVar [[r.vt.FeedbackFactor:16]]
[2020.11.17-11.34.01:279][  0]LogConfig: Setting CVar [[r.VT.EnableCompressZlib:1]]
[2020.11.17-11.34.01:280][  0]LogConfig: Setting CVar [[r.VT.EnableCompressCrunch:0]]
[2020.11.17-11.34.01:280][  0]LogConfig: Setting CVar [[r.ClearCoatNormal:0]]
[2020.11.17-11.34.01:280][  0]LogConfig: Setting CVar [[r.ReflectionCaptureResolution:128]]
[2020.11.17-11.34.01:280][  0]LogConfig: Setting CVar [[r.ReflectionEnvironmentLightmapMixBasedOnRoughness:1]]
[2020.11.17-11.34.01:280][  0]LogConfig: Setting CVar [[r.ForwardShading:0]]
[2020.11.17-11.34.01:280][  0]LogConfig: Setting CVar [[r.VertexFoggingForOpaque:1]]
[2020.11.17-11.34.01:280][  0]LogConfig: Setting CVar [[r.AllowStaticLighting:1]]
[2020.11.17-11.34.01:280][  0]LogConfig: Setting CVar [[r.NormalMapsForStaticLighting:0]]
[2020.11.17-11.34.01:280][  0]LogConfig: Setting CVar [[r.GenerateMeshDistanceFields:0]]
[2020.11.17-11.34.01:280][  0]LogConfig: Setting CVar [[r.DistanceFieldBuild.EightBit:0]]
[2020.11.17-11.34.01:280][  0]LogConfig: Setting CVar [[r.GenerateLandscapeGIData:0]]
[2020.11.17-11.34.01:280][  0]LogConfig: Setting CVar [[r.DistanceFieldBuild.Compress:0]]
[2020.11.17-11.34.01:280][  0]LogConfig: Setting CVar [[r.TessellationAdaptivePixelsPerTriangle:48.000000]]
[2020.11.17-11.34.01:280][  0]LogConfig: Setting CVar [[r.SeparateTranslucency:1]]
[2020.11.17-11.34.01:280][  0]LogConfig: Setting CVar [[r.TranslucentSortPolicy:0]]
[2020.11.17-11.34.01:280][  0]LogConfig: Setting CVar [[r.CustomDepth:1]]
[2020.11.17-11.34.01:280][  0]LogConfig: Setting CVar [[r.CustomDepthTemporalAAJitter:1]]
[2020.11.17-11.34.01:280][  0]LogConfig: Setting CVar [[r.PostProcessing.PropagateAlpha:0]]
[2020.11.17-11.34.01:280][  0]LogConfig: Setting CVar [[r.DefaultFeature.Bloom:1]]
[2020.11.17-11.34.01:280][  0]LogConfig: Setting CVar [[r.DefaultFeature.AmbientOcclusion:1]]
[2020.11.17-11.34.01:280][  0]LogConfig: Setting CVar [[r.DefaultFeature.AmbientOcclusionStaticFraction:1]]
[2020.11.17-11.34.01:280][  0]LogConfig: Setting CVar [[r.DefaultFeature.AutoExposure:1]]
[2020.11.17-11.34.01:280][  0]LogConfig: Setting CVar [[r.DefaultFeature.AutoExposure.Method:0]]
[2020.11.17-11.34.01:280][  0]LogConfig: Setting CVar [[r.DefaultFeature.AutoExposure.ExtendDefaultLuminanceRange:0]]
[2020.11.17-11.34.01:280][  0]LogConfig: Setting CVar [[r.UsePreExposure:1]]
[2020.11.17-11.34.01:280][  0]LogConfig: Setting CVar [[r.EyeAdaptation.EditorOnly:1]]
[2020.11.17-11.34.01:280][  0]LogConfig: Setting CVar [[r.DefaultFeature.MotionBlur:1]]
[2020.11.17-11.34.01:280][  0]LogConfig: Setting CVar [[r.DefaultFeature.LensFlare:0]]
[2020.11.17-11.34.01:280][  0]LogConfig: Setting CVar [[r.TemporalAA.Upsampling:0]]
[2020.11.17-11.34.01:280][  0]LogConfig: Setting CVar [[r.SSGI.Enable:0]]
[2020.11.17-11.34.01:280][  0]LogConfig: Setting CVar [[r.DefaultFeature.AntiAliasing:2]]
[2020.11.17-11.34.01:280][  0]LogConfig: Setting CVar [[r.DefaultFeature.LightUnits:1]]
[2020.11.17-11.34.01:280][  0]LogConfig: Setting CVar [[r.DefaultBackBufferPixelFormat:4]]
[2020.11.17-11.34.01:280][  0]LogConfig: Setting CVar [[r.Shadow.UnbuiltPreviewInGame:1]]
[2020.11.17-11.34.01:280][  0]LogConfig: Setting CVar [[r.StencilForLODDither:0]]
[2020.11.17-11.34.01:280][  0]LogConfig: Setting CVar [[r.EarlyZPass:3]]
[2020.11.17-11.34.01:280][  0]LogConfig: Setting CVar [[r.EarlyZPassOnlyMaterialMasking:0]]
[2020.11.17-11.34.01:280][  0]LogConfig: Setting CVar [[r.DBuffer:1]]
[2020.11.17-11.34.01:280][  0]LogConfig: Setting CVar [[r.ClearSceneMethod:1]]
[2020.11.17-11.34.01:280][  0]LogConfig: Setting CVar [[r.BasePassOutputsVelocity:0]]
[2020.11.17-11.34.01:280][  0]LogConfig: Setting CVar [[r.SelectiveBasePassOutputs:0]]
[2020.11.17-11.34.01:280][  0]LogConfig: Setting CVar [[fx.GPUSimulationTextureSizeX:1024]]
[2020.11.17-11.34.01:280][  0]LogConfig: Setting CVar [[fx.GPUSimulationTextureSizeY:1024]]
[2020.11.17-11.34.01:280][  0]LogConfig: Setting CVar [[r.AllowGlobalClipPlane:0]]
[2020.11.17-11.34.01:280][  0]LogConfig: Setting CVar [[r.GBufferFormat:1]]
[2020.11.17-11.34.01:280][  0]LogConfig: Setting CVar [[r.MorphTarget.Mode:1]]
[2020.11.17-11.34.01:280][  0]LogConfig: Setting CVar [[vr.InstancedStereo:0]]
[2020.11.17-11.34.01:280][  0]LogConfig: Setting CVar [[vr.MultiView:0]]
[2020.11.17-11.34.01:280][  0]LogConfig: Setting CVar [[vr.MobileMultiView:0]]
[2020.11.17-11.34.01:280][  0]LogConfig: Setting CVar [[vr.MobileMultiView.Direct:0]]
[2020.11.17-11.34.01:280][  0]LogConfig: Setting CVar [[vr.RoundRobinOcclusion:0]]
[2020.11.17-11.34.01:280][  0]LogConfig: Setting CVar [[vr.ODSCapture:0]]
[2020.11.17-11.34.01:280][  0]LogConfig: Setting CVar [[r.WireframeCullThreshold:5.000000]]
[2020.11.17-11.34.01:280][  0]LogConfig: Setting CVar [[r.RayTracing:0]]
[2020.11.17-11.34.01:280][  0]LogConfig: Setting CVar [[r.RayTracing.UseTextureLod:0]]
[2020.11.17-11.34.01:280][  0]LogConfig: Setting CVar [[r.SupportStationarySkylight:1]]
[2020.11.17-11.34.01:280][  0]LogConfig: Setting CVar [[r.SupportLowQualityLightmaps:1]]
[2020.11.17-11.34.01:280][  0]LogConfig: Setting CVar [[r.SupportPointLightWholeSceneShadows:1]]
[2020.11.17-11.34.01:280][  0]LogConfig: Setting CVar [[r.SupportAtmosphericFog:1]]
[2020.11.17-11.34.01:280][  0]LogConfig: Setting CVar [[r.SupportSkyAtmosphere:1]]
[2020.11.17-11.34.01:280][  0]LogConfig: Setting CVar [[r.SupportSkyAtmosphereAffectsHeightFog:0]]
[2020.11.17-11.34.01:280][  0]LogConfig: Setting CVar [[r.SkinCache.CompileShaders:0]]
[2020.11.17-11.34.01:280][  0]LogConfig: Setting CVar [[r.Mobile.EnableStaticAndCSMShadowReceivers:1]]
[2020.11.17-11.34.01:280][  0]LogConfig: Setting CVar [[r.Mobile.EnableMovableLightCSMShaderCulling:1]]
[2020.11.17-11.34.01:280][  0]LogConfig: Setting CVar [[r.Mobile.AllowDistanceFieldShadows:1]]
[2020.11.17-11.34.01:280][  0]LogConfig: Setting CVar [[r.Mobile.AllowMovableDirectionalLights:1]]
[2020.11.17-11.34.01:280][  0]LogConfig: Setting CVar [[r.MobileNumDynamicPointLights:4]]
[2020.11.17-11.34.01:280][  0]LogConfig: Setting CVar [[r.MobileDynamicPointLightsUseStaticBranch:1]]
[2020.11.17-11.34.01:280][  0]LogConfig: Setting CVar [[r.Mobile.EnableMovableSpotlights:0]]
[2020.11.17-11.34.01:280][  0]LogConfig: Setting CVar [[r.SkinCache.SceneMemoryLimitInMB:128.000000]]
[2020.11.17-11.34.01:280][  0]LogConfig: Setting CVar [[r.GPUSkin.Limit2BoneInfluences:0]]
[2020.11.17-11.34.01:280][  0]LogConfig: Setting CVar [[r.SupportDepthOnlyIndexBuffers:1]]
[2020.11.17-11.34.01:280][  0]LogConfig: Setting CVar [[r.SupportReversedIndexBuffers:1]]
[2020.11.17-11.34.01:280][  0]LogConfig: Setting CVar [[r.SupportMaterialLayers:0]]
[2020.11.17-11.34.01:280][  0]LogConfig: Setting CVar [[r.LightPropagationVolume:0]]
[2020.11.17-11.34.01:280][  0]LogConfig: Applying CVar settings from Section [/Script/Engine.RendererOverrideSettings] File [C:/Users/Admin/Documents/GitHub/2DD2Reality/D2/Saved/Config/Windows/Engine.ini]
[2020.11.17-11.34.01:280][  0]LogConfig: Applying CVar settings from Section [/Script/Engine.StreamingSettings] File [C:/Users/Admin/Documents/GitHub/2DD2Reality/D2/Saved/Config/Windows/Engine.ini]
[2020.11.17-11.34.01:280][  0]LogConfig: Setting CVar [[s.MinBulkDataSizeForAsyncLoading:131072]]
[2020.11.17-11.34.01:280][  0]LogConfig: Setting CVar [[s.AsyncLoadingThreadEnabled:0]]
[2020.11.17-11.34.01:280][  0]LogConfig: Setting CVar [[s.EventDrivenLoaderEnabled:1]]
[2020.11.17-11.34.01:280][  0]LogConfig: Setting CVar [[s.WarnIfTimeLimitExceeded:0]]
[2020.11.17-11.34.01:281][  0]LogConfig: Setting CVar [[s.TimeLimitExceededMultiplier:1.5]]
[2020.11.17-11.34.01:281][  0]LogConfig: Setting CVar [[s.TimeLimitExceededMinTime:0.005]]
[2020.11.17-11.34.01:281][  0]LogConfig: Setting CVar [[s.UseBackgroundLevelStreaming:1]]
[2020.11.17-11.34.01:281][  0]LogConfig: Setting CVar [[s.PriorityAsyncLoadingExtraTime:15.0]]
[2020.11.17-11.34.01:281][  0]LogConfig: Setting CVar [[s.LevelStreamingActorsUpdateTimeLimit:5.0]]
[2020.11.17-11.34.01:281][  0]LogConfig: Setting CVar [[s.PriorityLevelStreamingActorsUpdateExtraTime:5.0]]
[2020.11.17-11.34.01:281][  0]LogConfig: Setting CVar [[s.LevelStreamingComponentsRegistrationGranularity:10]]
[2020.11.17-11.34.01:281][  0]LogConfig: Setting CVar [[s.UnregisterComponentsTimeLimit:1.0]]
[2020.11.17-11.34.01:281][  0]LogConfig: Setting CVar [[s.LevelStreamingComponentsUnregistrationGranularity:5]]
[2020.11.17-11.34.01:281][  0]LogConfig: Setting CVar [[s.FlushStreamingOnExit:1]]
[2020.11.17-11.34.01:281][  0]LogConfig: Applying CVar settings from Section [/Script/Engine.GarbageCollectionSettings] File [C:/Users/Admin/Documents/GitHub/2DD2Reality/D2/Saved/Config/Windows/Engine.ini]
[2020.11.17-11.34.01:281][  0]LogConfig: Setting CVar [[gc.MaxObjectsNotConsideredByGC:1]]
[2020.11.17-11.34.01:281][  0]LogConfig: Setting CVar [[gc.SizeOfPermanentObjectPool:0]]
[2020.11.17-11.34.01:281][  0]LogConfig: Setting CVar [[gc.FlushStreamingOnGC:0]]
[2020.11.17-11.34.01:281][  0]LogConfig: Setting CVar [[gc.NumRetriesBeforeForcingGC:10]]
[2020.11.17-11.34.01:281][  0]LogConfig: Setting CVar [[gc.AllowParallelGC:1]]
[2020.11.17-11.34.01:281][  0]LogConfig: Setting CVar [[gc.TimeBetweenPurgingPendingKillObjects:61.1]]
[2020.11.17-11.34.01:281][  0]LogConfig: Setting CVar [[gc.MaxObjectsInEditor:25165824]]
[2020.11.17-11.34.01:281][  0]LogConfig: Setting CVar [[gc.IncrementalBeginDestroyEnabled:1]]
[2020.11.17-11.34.01:281][  0]LogConfig: Setting CVar [[gc.CreateGCClusters:1]]
[2020.11.17-11.34.01:281][  0]LogConfig: Setting CVar [[gc.MinGCClusterSize:5]]
[2020.11.17-11.34.01:281][  0]LogConfig: Setting CVar [[gc.ActorClusteringEnabled:0]]
[2020.11.17-11.34.01:281][  0]LogConfig: Setting CVar [[gc.BlueprintClusteringEnabled:0]]
[2020.11.17-11.34.01:281][  0]LogConfig: Setting CVar [[gc.UseDisregardForGCOnDedicatedServers:0]]
[2020.11.17-11.34.01:281][  0]LogConfig: Applying CVar settings from Section [/Script/Engine.NetworkSettings] File [C:/Users/Admin/Documents/GitHub/2DD2Reality/D2/Saved/Config/Windows/Engine.ini]
[2020.11.17-11.34.01:281][  0]LogConfig: Applying CVar settings from Section [/Script/UnrealEd.CookerSettings] File [C:/Users/Admin/Documents/GitHub/2DD2Reality/D2/Saved/Config/Windows/Engine.ini]
[2020.11.17-11.34.01:283][  0]LogConfig: Applying CVar settings from Section [ViewDistanceQuality@3] File [C:/Users/Admin/Documents/GitHub/2DD2Reality/D2/Saved/Config/Windows/Scalability.ini]
[2020.11.17-11.34.01:283][  0]LogConfig: Setting CVar [[r.SkeletalMeshLODBias:0]]
[2020.11.17-11.34.01:283][  0]LogConfig: Setting CVar [[r.ViewDistanceScale:1.0]]
[2020.11.17-11.34.01:283][  0]LogConfig: Applying CVar settings from Section [AntiAliasingQuality@3] File [C:/Users/Admin/Documents/GitHub/2DD2Reality/D2/Saved/Config/Windows/Scalability.ini]
[2020.11.17-11.34.01:283][  0]LogConfig: Setting CVar [[r.PostProcessAAQuality:4]]
[2020.11.17-11.34.01:283][  0]LogConfig: Applying CVar settings from Section [ShadowQuality@3] File [C:/Users/Admin/Documents/GitHub/2DD2Reality/D2/Saved/Config/Windows/Scalability.ini]
[2020.11.17-11.34.01:283][  0]LogConfig: Setting CVar [[r.LightFunctionQuality:1]]
[2020.11.17-11.34.01:283][  0]LogConfig: Setting CVar [[r.ShadowQuality:5]]
[2020.11.17-11.34.01:283][  0]LogConfig: Setting CVar [[r.Shadow.CSM.MaxCascades:10]]
[2020.11.17-11.34.01:283][  0]LogConfig: Setting CVar [[r.Shadow.MaxResolution:2048]]
[2020.11.17-11.34.01:283][  0]LogConfig: Setting CVar [[r.Shadow.MaxCSMResolution:2048]]
[2020.11.17-11.34.01:283][  0]LogConfig: Setting CVar [[r.Shadow.RadiusThreshold:0.01]]
[2020.11.17-11.34.01:283][  0]LogConfig: Setting CVar [[r.Shadow.DistanceScale:1.0]]
[2020.11.17-11.34.01:283][  0]LogConfig: Setting CVar [[r.Shadow.CSM.TransitionScale:1.0]]
[2020.11.17-11.34.01:283][  0]LogConfig: Setting CVar [[r.Shadow.PreShadowResolutionFactor:1.0]]
[2020.11.17-11.34.01:283][  0]LogConfig: Setting CVar [[r.DistanceFieldShadowing:1]]
[2020.11.17-11.34.01:283][  0]LogConfig: Setting CVar [[r.DistanceFieldAO:1]]
[2020.11.17-11.34.01:283][  0]LogConfig: Setting CVar [[r.AOQuality:2]]
[2020.11.17-11.34.01:283][  0]LogConfig: Setting CVar [[r.VolumetricFog:1]]
[2020.11.17-11.34.01:283][  0]LogConfig: Setting CVar [[r.VolumetricFog.GridPixelSize:8]]
[2020.11.17-11.34.01:283][  0]LogConfig: Setting CVar [[r.VolumetricFog.GridSizeZ:128]]
[2020.11.17-11.34.01:283][  0]LogConfig: Setting CVar [[r.VolumetricFog.HistoryMissSupersampleCount:4]]
[2020.11.17-11.34.01:283][  0]LogConfig: Setting CVar [[r.LightMaxDrawDistanceScale:1]]
[2020.11.17-11.34.01:283][  0]LogConfig: Setting CVar [[r.CapsuleShadows:1]]
[2020.11.17-11.34.01:283][  0]LogConfig: Applying CVar settings from Section [PostProcessQuality@3] File [C:/Users/Admin/Documents/GitHub/2DD2Reality/D2/Saved/Config/Windows/Scalability.ini]
[2020.11.17-11.34.01:283][  0]LogConfig: Setting CVar [[r.MotionBlurQuality:4]]
[2020.11.17-11.34.01:283][  0]LogConfig: Setting CVar [[r.AmbientOcclusionMipLevelFactor:0.4]]
[2020.11.17-11.34.01:283][  0]LogConfig: Setting CVar [[r.AmbientOcclusionMaxQuality:100]]
[2020.11.17-11.34.01:283][  0]LogConfig: Setting CVar [[r.AmbientOcclusionLevels:-1]]
[2020.11.17-11.34.01:283][  0]LogConfig: Setting CVar [[r.AmbientOcclusionRadiusScale:1.0]]
[2020.11.17-11.34.01:283][  0]LogConfig: Setting CVar [[r.DepthOfFieldQuality:2]]
[2020.11.17-11.34.01:283][  0]LogConfig: Setting CVar [[r.RenderTargetPoolMin:400]]
[2020.11.17-11.34.01:283][  0]LogConfig: Setting CVar [[r.LensFlareQuality:2]]
[2020.11.17-11.34.01:283][  0]LogConfig: Setting CVar [[r.SceneColorFringeQuality:1]]
[2020.11.17-11.34.01:284][  0]LogConfig: Setting CVar [[r.EyeAdaptationQuality:2]]
[2020.11.17-11.34.01:284][  0]LogConfig: Setting CVar [[r.BloomQuality:5]]
[2020.11.17-11.34.01:284][  0]LogConfig: Setting CVar [[r.FastBlurThreshold:100]]
[2020.11.17-11.34.01:284][  0]LogConfig: Setting CVar [[r.Upscale.Quality:3]]
[2020.11.17-11.34.01:284][  0]LogConfig: Setting CVar [[r.Tonemapper.GrainQuantization:1]]
[2020.11.17-11.34.01:284][  0]LogConfig: Setting CVar [[r.LightShaftQuality:1]]
[2020.11.17-11.34.01:284][  0]LogConfig: Setting CVar [[r.Filter.SizeScale:1]]
[2020.11.17-11.34.01:284][  0]LogConfig: Setting CVar [[r.Tonemapper.Quality:5]]
[2020.11.17-11.34.01:284][  0]LogConfig: Setting CVar [[r.DOF.Gather.AccumulatorQuality:1        ; higher gathering accumulator quality]]
[2020.11.17-11.34.01:284][  0]LogConfig: Setting CVar [[r.DOF.Gather.PostfilterMethod:1          ; Median3x3 postfilering method]]
[2020.11.17-11.34.01:284][  0]LogConfig: Setting CVar [[r.DOF.Gather.EnableBokehSettings:0       ; no bokeh simulation when gathering]]
[2020.11.17-11.34.01:284][  0]LogConfig: Setting CVar [[r.DOF.Gather.RingCount:4                 ; medium number of samples when gathering]]
[2020.11.17-11.34.01:284][  0]LogConfig: Setting CVar [[r.DOF.Scatter.ForegroundCompositing:1    ; additive foreground scattering]]
[2020.11.17-11.34.01:284][  0]LogConfig: Setting CVar [[r.DOF.Scatter.BackgroundCompositing:2    ; additive background scattering]]
[2020.11.17-11.34.01:284][  0]LogConfig: Setting CVar [[r.DOF.Scatter.EnableBokehSettings:1      ; bokeh simulation when scattering]]
[2020.11.17-11.34.01:284][  0]LogConfig: Setting CVar [[r.DOF.Scatter.MaxSpriteRatio:0.1         ; only a maximum of 10% of scattered bokeh]]
[2020.11.17-11.34.01:284][  0]LogConfig: Setting CVar [[r.DOF.Recombine.Quality:1                ; cheap slight out of focus]]
[2020.11.17-11.34.01:284][  0]LogConfig: Setting CVar [[r.DOF.Recombine.EnableBokehSettings:0    ; no bokeh simulation on slight out of focus]]
[2020.11.17-11.34.01:284][  0]LogConfig: Setting CVar [[r.DOF.TemporalAAQuality:1                ; more stable temporal accumulation]]
[2020.11.17-11.34.01:284][  0]LogConfig: Setting CVar [[r.DOF.Kernel.MaxForegroundRadius:0.025]]
[2020.11.17-11.34.01:284][  0]LogConfig: Setting CVar [[r.DOF.Kernel.MaxBackgroundRadius:0.025]]
[2020.11.17-11.34.01:284][  0]LogConfig: Applying CVar settings from Section [TextureQuality@3] File [C:/Users/Admin/Documents/GitHub/2DD2Reality/D2/Saved/Config/Windows/Scalability.ini]
[2020.11.17-11.34.01:284][  0]LogConfig: Setting CVar [[r.Streaming.MipBias:0]]
[2020.11.17-11.34.01:284][  0]LogConfig: Setting CVar [[r.Streaming.AmortizeCPUToGPUCopy:0]]
[2020.11.17-11.34.01:284][  0]LogConfig: Setting CVar [[r.Streaming.MaxNumTexturesToStreamPerFrame:0]]
[2020.11.17-11.34.01:284][  0]LogConfig: Setting CVar [[r.Streaming.Boost:1]]
[2020.11.17-11.34.01:284][  0]LogConfig: Setting CVar [[r.MaxAnisotropy:8]]
[2020.11.17-11.34.01:284][  0]LogConfig: Setting CVar [[r.VT.MaxAnisotropy:8]]
[2020.11.17-11.34.01:284][  0]LogConfig: Setting CVar [[r.Streaming.LimitPoolSizeToVRAM:0]]
[2020.11.17-11.34.01:284][  0]LogConfig: Setting CVar [[r.Streaming.PoolSize:1000]]
[2020.11.17-11.34.01:284][  0]LogConfig: Setting CVar [[r.Streaming.MaxEffectiveScreenSize:0]]
[2020.11.17-11.34.01:284][  0]LogConfig: Applying CVar settings from Section [EffectsQuality@3] File [C:/Users/Admin/Documents/GitHub/2DD2Reality/D2/Saved/Config/Windows/Scalability.ini]
[2020.11.17-11.34.01:284][  0]LogConfig: Setting CVar [[r.TranslucencyLightingVolumeDim:64]]
[2020.11.17-11.34.01:284][  0]LogConfig: Setting CVar [[r.RefractionQuality:2]]
[2020.11.17-11.34.01:284][  0]LogConfig: Setting CVar [[r.SSR.Quality:3]]
[2020.11.17-11.34.01:284][  0]LogConfig: Setting CVar [[r.SSR.HalfResSceneColor:0]]
[2020.11.17-11.34.01:284][  0]LogConfig: Setting CVar [[r.SceneColorFormat:4]]
[2020.11.17-11.34.01:284][  0]LogConfig: Setting CVar [[r.DetailMode:2]]
[2020.11.17-11.34.01:284][  0]LogConfig: Setting CVar [[r.TranslucencyVolumeBlur:1]]
[2020.11.17-11.34.01:284][  0]LogConfig: Setting CVar [[r.MaterialQualityLevel:1 ; High quality]]
[2020.11.17-11.34.01:284][  0]LogConfig: Setting CVar [[r.SSS.Scale:1]]
[2020.11.17-11.34.01:284][  0]LogConfig: Setting CVar [[r.SSS.SampleSet:2]]
[2020.11.17-11.34.01:284][  0]LogConfig: Setting CVar [[r.SSS.Quality:1]]
[2020.11.17-11.34.01:284][  0]LogConfig: Setting CVar [[r.SSS.HalfRes:1]]
[2020.11.17-11.34.01:284][  0]LogConfig: Setting CVar [[r.SSGI.Quality:3]]
[2020.11.17-11.34.01:284][  0]LogConfig: Setting CVar [[r.EmitterSpawnRateScale:1.0]]
[2020.11.17-11.34.01:284][  0]LogConfig: Setting CVar [[r.ParticleLightQuality:2]]
[2020.11.17-11.34.01:284][  0]LogConfig: Setting CVar [[r.SkyAtmosphere.AerialPerspectiveLUT.FastApplyOnOpaque:1 ; Always have FastSkyLUT 1 in this case to avoid wrong sky]]
[2020.11.17-11.34.01:284][  0]LogConfig: Setting CVar [[r.SkyAtmosphere.AerialPerspectiveLUT.SampleCountPerSlice:1]]
[2020.11.17-11.34.01:284][  0]LogConfig: Setting CVar [[r.SkyAtmosphere.AerialPerspectiveLUT.DepthResolution:16.0]]
[2020.11.17-11.34.01:284][  0]LogConfig: Setting CVar [[r.SkyAtmosphere.FastSkyLUT:1]]
[2020.11.17-11.34.01:284][  0]LogConfig: Setting CVar [[r.SkyAtmosphere.FastSkyLUT.SampleCountMin:4.0]]
[2020.11.17-11.34.01:284][  0]LogConfig: Setting CVar [[r.SkyAtmosphere.FastSkyLUT.SampleCountMax:32.0]]
[2020.11.17-11.34.01:284][  0]LogConfig: Setting CVar [[r.SkyAtmosphere.SampleCountMin:4.0]]
[2020.11.17-11.34.01:284][  0]LogConfig: Setting CVar [[r.SkyAtmosphere.SampleCountMax:32.0]]
[2020.11.17-11.34.01:284][  0]LogConfig: Setting CVar [[r.SkyAtmosphere.TransmittanceLUT.UseSmallFormat:0]]
[2020.11.17-11.34.01:284][  0]LogConfig: Setting CVar [[r.SkyAtmosphere.TransmittanceLUT.SampleCount:10.0]]
[2020.11.17-11.34.01:284][  0]LogConfig: Setting CVar [[r.SkyAtmosphere.MultiScatteringLUT.SampleCount:15.0]]
[2020.11.17-11.34.01:284][  0]LogConfig: Applying CVar settings from Section [FoliageQuality@3] File [C:/Users/Admin/Documents/GitHub/2DD2Reality/D2/Saved/Config/Windows/Scalability.ini]
[2020.11.17-11.34.01:284][  0]LogConfig: Setting CVar [[foliage.DensityScale:1.0]]
[2020.11.17-11.34.01:284][  0]LogConfig: Setting CVar [[grass.DensityScale:1.0]]
[2020.11.17-11.34.01:284][  0]LogConfig: Applying CVar settings from Section [ShadingQuality@3] File [C:/Users/Admin/Documents/GitHub/2DD2Reality/D2/Saved/Config/Windows/Scalability.ini]
[2020.11.17-11.34.01:284][  0]LogConfig: Setting CVar [[r.HairStrands.SkyLighting.SampleCount:16]]
[2020.11.17-11.34.01:284][  0]LogConfig: Setting CVar [[r.HairStrands.SkyLighting.JitterIntegration:0]]
[2020.11.17-11.34.01:284][  0]LogConfig: Setting CVar [[r.HairStrands.SkyAO.SampleCount:16]]
[2020.11.17-11.34.01:284][  0]LogInit: Selected Device Profile: [Windows]
[2020.11.17-11.34.01:284][  0]LogInit: Applying CVar settings loaded from the selected device profile: [Windows]
[2020.11.17-11.34.01:286][  0]LogHAL: Display: Platform has ~ 16 GB [17096159232 / 17179869184 / 16], which maps to Larger [LargestMinGB=32, LargerMinGB=12, DefaultMinGB=8, SmallerMinGB=6, SmallestMinGB=0)
[2020.11.17-11.34.01:286][  0]LogInit: Going up to parent DeviceProfile []
[2020.11.17-11.34.01:286][  0]LogConfig: Applying CVar settings from Section [ViewDistanceQuality@2] File [C:/Users/Admin/Documents/GitHub/2DD2Reality/D2/Saved/Config/Windows/Scalability.ini]
[2020.11.17-11.34.01:286][  0]LogConfig: Setting CVar [[r.SkeletalMeshLODBias:0]]
[2020.11.17-11.34.01:286][  0]LogConfig: Setting CVar [[r.ViewDistanceScale:0.8]]
[2020.11.17-11.34.01:286][  0]LogConfig: Applying CVar settings from Section [AntiAliasingQuality@3] File [C:/Users/Admin/Documents/GitHub/2DD2Reality/D2/Saved/Config/Windows/Scalability.ini]
[2020.11.17-11.34.01:287][  0]LogConfig: Setting CVar [[r.PostProcessAAQuality:4]]
[2020.11.17-11.34.01:287][  0]LogConfig: Applying CVar settings from Section [ShadowQuality@1] File [C:/Users/Admin/Documents/GitHub/2DD2Reality/D2/Saved/Config/Windows/Scalability.ini]
[2020.11.17-11.34.01:287][  0]LogConfig: Setting CVar [[r.LightFunctionQuality:1]]
[2020.11.17-11.34.01:287][  0]LogConfig: Setting CVar [[r.ShadowQuality:3]]
[2020.11.17-11.34.01:287][  0]LogConfig: Setting CVar [[r.Shadow.CSM.MaxCascades:1]]
[2020.11.17-11.34.01:287][  0]LogConfig: Setting CVar [[r.Shadow.MaxResolution:1024]]
[2020.11.17-11.34.01:287][  0]LogConfig: Setting CVar [[r.Shadow.MaxCSMResolution:1024]]
[2020.11.17-11.34.01:287][  0]LogConfig: Setting CVar [[r.Shadow.RadiusThreshold:0.05]]
[2020.11.17-11.34.01:287][  0]LogConfig: Setting CVar [[r.Shadow.DistanceScale:0.7]]
[2020.11.17-11.34.01:287][  0]LogConfig: Setting CVar [[r.Shadow.CSM.TransitionScale:0.25]]
[2020.11.17-11.34.01:287][  0]LogConfig: Setting CVar [[r.Shadow.PreShadowResolutionFactor:0.5]]
[2020.11.17-11.34.01:287][  0]LogConfig: Setting CVar [[r.DistanceFieldShadowing:0]]
[2020.11.17-11.34.01:287][  0]LogConfig: Setting CVar [[r.DistanceFieldAO:0]]
[2020.11.17-11.34.01:287][  0]LogConfig: Setting CVar [[r.VolumetricFog:0]]
[2020.11.17-11.34.01:287][  0]LogConfig: Setting CVar [[r.LightMaxDrawDistanceScale:.5]]
[2020.11.17-11.34.01:287][  0]LogConfig: Setting CVar [[r.CapsuleShadows:1]]
[2020.11.17-11.34.01:287][  0]LogConfig: Applying CVar settings from Section [PostProcessQuality@3] File [C:/Users/Admin/Documents/GitHub/2DD2Reality/D2/Saved/Config/Windows/Scalability.ini]
[2020.11.17-11.34.01:287][  0]LogConfig: Setting CVar [[r.MotionBlurQuality:4]]
[2020.11.17-11.34.01:287][  0]LogConfig: Setting CVar [[r.AmbientOcclusionMipLevelFactor:0.4]]
[2020.11.17-11.34.01:287][  0]LogConfig: Setting CVar [[r.AmbientOcclusionMaxQuality:100]]
[2020.11.17-11.34.01:287][  0]LogConfig: Setting CVar [[r.AmbientOcclusionLevels:-1]]
[2020.11.17-11.34.01:287][  0]LogConfig: Setting CVar [[r.AmbientOcclusionRadiusScale:1.0]]
[2020.11.17-11.34.01:287][  0]LogConfig: Setting CVar [[r.DepthOfFieldQuality:2]]
[2020.11.17-11.34.01:287][  0]LogConfig: Setting CVar [[r.RenderTargetPoolMin:400]]
[2020.11.17-11.34.01:287][  0]LogConfig: Setting CVar [[r.LensFlareQuality:2]]
[2020.11.17-11.34.01:287][  0]LogConfig: Setting CVar [[r.SceneColorFringeQuality:1]]
[2020.11.17-11.34.01:287][  0]LogConfig: Setting CVar [[r.EyeAdaptationQuality:2]]
[2020.11.17-11.34.01:287][  0]LogConfig: Setting CVar [[r.BloomQuality:5]]
[2020.11.17-11.34.01:287][  0]LogConfig: Setting CVar [[r.FastBlurThreshold:100]]
[2020.11.17-11.34.01:287][  0]LogConfig: Setting CVar [[r.Upscale.Quality:3]]
[2020.11.17-11.34.01:287][  0]LogConfig: Setting CVar [[r.Tonemapper.GrainQuantization:1]]
[2020.11.17-11.34.01:287][  0]LogConfig: Setting CVar [[r.LightShaftQuality:1]]
[2020.11.17-11.34.01:287][  0]LogConfig: Setting CVar [[r.Filter.SizeScale:1]]
[2020.11.17-11.34.01:287][  0]LogConfig: Setting CVar [[r.Tonemapper.Quality:5]]
[2020.11.17-11.34.01:287][  0]LogConfig: Setting CVar [[r.DOF.Gather.AccumulatorQuality:1        ; higher gathering accumulator quality]]
[2020.11.17-11.34.01:287][  0]LogConfig: Setting CVar [[r.DOF.Gather.PostfilterMethod:1          ; Median3x3 postfilering method]]
[2020.11.17-11.34.01:287][  0]LogConfig: Setting CVar [[r.DOF.Gather.EnableBokehSettings:0       ; no bokeh simulation when gathering]]
[2020.11.17-11.34.01:287][  0]LogConfig: Setting CVar [[r.DOF.Gather.RingCount:4                 ; medium number of samples when gathering]]
[2020.11.17-11.34.01:287][  0]LogConfig: Setting CVar [[r.DOF.Scatter.ForegroundCompositing:1    ; additive foreground scattering]]
[2020.11.17-11.34.01:287][  0]LogConfig: Setting CVar [[r.DOF.Scatter.BackgroundCompositing:2    ; additive background scattering]]
[2020.11.17-11.34.01:287][  0]LogConfig: Setting CVar [[r.DOF.Scatter.EnableBokehSettings:1      ; bokeh simulation when scattering]]
[2020.11.17-11.34.01:287][  0]LogConfig: Setting CVar [[r.DOF.Scatter.MaxSpriteRatio:0.1         ; only a maximum of 10% of scattered bokeh]]
[2020.11.17-11.34.01:287][  0]LogConfig: Setting CVar [[r.DOF.Recombine.Quality:1                ; cheap slight out of focus]]
[2020.11.17-11.34.01:287][  0]LogConfig: Setting CVar [[r.DOF.Recombine.EnableBokehSettings:0    ; no bokeh simulation on slight out of focus]]
[2020.11.17-11.34.01:287][  0]LogConfig: Setting CVar [[r.DOF.TemporalAAQuality:1                ; more stable temporal accumulation]]
[2020.11.17-11.34.01:287][  0]LogConfig: Setting CVar [[r.DOF.Kernel.MaxForegroundRadius:0.025]]
[2020.11.17-11.34.01:287][  0]LogConfig: Setting CVar [[r.DOF.Kernel.MaxBackgroundRadius:0.025]]
[2020.11.17-11.34.01:287][  0]LogConfig: Applying CVar settings from Section [TextureQuality@2] File [C:/Users/Admin/Documents/GitHub/2DD2Reality/D2/Saved/Config/Windows/Scalability.ini]
[2020.11.17-11.34.01:287][  0]LogConfig: Setting CVar [[r.Streaming.MipBias:0]]
[2020.11.17-11.34.01:287][  0]LogConfig: Setting CVar [[r.Streaming.AmortizeCPUToGPUCopy:0]]
[2020.11.17-11.34.01:287][  0]LogConfig: Setting CVar [[r.Streaming.MaxNumTexturesToStreamPerFrame:0]]
[2020.11.17-11.34.01:287][  0]LogConfig: Setting CVar [[r.Streaming.Boost:1]]
[2020.11.17-11.34.01:287][  0]LogConfig: Setting CVar [[r.MaxAnisotropy:4]]
[2020.11.17-11.34.01:287][  0]LogConfig: Setting CVar [[r.VT.MaxAnisotropy:8]]
[2020.11.17-11.34.01:287][  0]LogConfig: Setting CVar [[r.Streaming.LimitPoolSizeToVRAM:1]]
[2020.11.17-11.34.01:287][  0]LogConfig: Setting CVar [[r.Streaming.PoolSize:800]]
[2020.11.17-11.34.01:287][  0]LogConfig: Setting CVar [[r.Streaming.MaxEffectiveScreenSize:0]]
[2020.11.17-11.34.01:287][  0]LogConfig: Applying CVar settings from Section [EffectsQuality@2] File [C:/Users/Admin/Documents/GitHub/2DD2Reality/D2/Saved/Config/Windows/Scalability.ini]
[2020.11.17-11.34.01:287][  0]LogConfig: Setting CVar [[r.TranslucencyLightingVolumeDim:48]]
[2020.11.17-11.34.01:287][  0]LogConfig: Setting CVar [[r.RefractionQuality:2]]
[2020.11.17-11.34.01:287][  0]LogConfig: Setting CVar [[r.SSR.Quality:2]]
[2020.11.17-11.34.01:287][  0]LogConfig: Setting CVar [[r.SSR.HalfResSceneColor:1]]
[2020.11.17-11.34.01:287][  0]LogConfig: Setting CVar [[r.SceneColorFormat:3]]
[2020.11.17-11.34.01:287][  0]LogConfig: Setting CVar [[r.DetailMode:1]]
[2020.11.17-11.34.01:287][  0]LogConfig: Setting CVar [[r.TranslucencyVolumeBlur:1]]
[2020.11.17-11.34.01:287][  0]LogConfig: Setting CVar [[r.MaterialQualityLevel:1 ; High quality]]
[2020.11.17-11.34.01:287][  0]LogConfig: Setting CVar [[r.SSS.Scale:1]]
[2020.11.17-11.34.01:287][  0]LogConfig: Setting CVar [[r.SSS.SampleSet:1]]
[2020.11.17-11.34.01:287][  0]LogConfig: Setting CVar [[r.SSS.Quality:-1]]
[2020.11.17-11.34.01:287][  0]LogConfig: Setting CVar [[r.SSS.HalfRes:1]]
[2020.11.17-11.34.01:287][  0]LogConfig: Setting CVar [[r.SSGI.Quality:2]]
[2020.11.17-11.34.01:287][  0]LogConfig: Setting CVar [[r.EmitterSpawnRateScale:0.5]]
[2020.11.17-11.34.01:287][  0]LogConfig: Setting CVar [[r.ParticleLightQuality:1]]
[2020.11.17-11.34.01:287][  0]LogConfig: Setting CVar [[r.SkyAtmosphere.AerialPerspectiveLUT.FastApplyOnOpaque:1 ; Always have FastSkyLUT 1 in this case to avoid wrong sky]]
[2020.11.17-11.34.01:287][  0]LogConfig: Setting CVar [[r.SkyAtmosphere.AerialPerspectiveLUT.SampleCountPerSlice:1]]
[2020.11.17-11.34.01:287][  0]LogConfig: Setting CVar [[r.SkyAtmosphere.AerialPerspectiveLUT.DepthResolution:16.0]]
[2020.11.17-11.34.01:287][  0]LogConfig: Setting CVar [[r.SkyAtmosphere.FastSkyLUT:1]]
[2020.11.17-11.34.01:287][  0]LogConfig: Setting CVar [[r.SkyAtmosphere.FastSkyLUT.SampleCountMin:4.0]]
[2020.11.17-11.34.01:288][  0]LogConfig: Setting CVar [[r.SkyAtmosphere.FastSkyLUT.SampleCountMax:32.0]]
[2020.11.17-11.34.01:288][  0]LogConfig: Setting CVar [[r.SkyAtmosphere.SampleCountMin:4.0]]
[2020.11.17-11.34.01:288][  0]LogConfig: Setting CVar [[r.SkyAtmosphere.SampleCountMax:32.0]]
[2020.11.17-11.34.01:288][  0]LogConfig: Setting CVar [[r.SkyAtmosphere.TransmittanceLUT.UseSmallFormat:0]]
[2020.11.17-11.34.01:288][  0]LogConfig: Setting CVar [[r.SkyAtmosphere.TransmittanceLUT.SampleCount:10.0]]
[2020.11.17-11.34.01:288][  0]LogConfig: Setting CVar [[r.SkyAtmosphere.MultiScatteringLUT.SampleCount:15.0]]
[2020.11.17-11.34.01:288][  0]LogConfig: Applying CVar settings from Section [FoliageQuality@1] File [C:/Users/Admin/Documents/GitHub/2DD2Reality/D2/Saved/Config/Windows/Scalability.ini]
[2020.11.17-11.34.01:288][  0]LogConfig: Setting CVar [[foliage.DensityScale:0.4]]
[2020.11.17-11.34.01:288][  0]LogConfig: Setting CVar [[grass.DensityScale:0.4]]
[2020.11.17-11.34.01:288][  0]LogConfig: Applying CVar settings from Section [ShadingQuality@3] File [C:/Users/Admin/Documents/GitHub/2DD2Reality/D2/Saved/Config/Windows/Scalability.ini]
[2020.11.17-11.34.01:288][  0]LogConfig: Setting CVar [[r.HairStrands.SkyLighting.SampleCount:16]]
[2020.11.17-11.34.01:288][  0]LogConfig: Setting CVar [[r.HairStrands.SkyLighting.JitterIntegration:0]]
[2020.11.17-11.34.01:288][  0]LogConfig: Setting CVar [[r.HairStrands.SkyAO.SampleCount:16]]
[2020.11.17-11.34.01:288][  0]LogConfig: Applying CVar settings from Section [Startup] File [../../../Engine/Config/ConsoleVariables.ini]
[2020.11.17-11.34.01:288][  0]LogConfig: Setting CVar [[net.UseAdaptiveNetUpdateFrequency:0]]
[2020.11.17-11.34.01:288][  0]LogConfig: Setting CVar [[p.chaos.AllowCreatePhysxBodies:1]]
[2020.11.17-11.34.01:288][  0]LogConfig: Applying CVar settings from Section [ConsoleVariables] File [C:/Users/Admin/Documents/GitHub/2DD2Reality/D2/Saved/Config/Windows/Engine.ini]
[2020.11.17-11.34.01:288][  0]LogInit: Computer: PERSKIXYZ
[2020.11.17-11.34.01:288][  0]LogInit: User: Admin
[2020.11.17-11.34.01:288][  0]LogInit: CPU Page size=4096, Cores=6
[2020.11.17-11.34.01:288][  0]LogInit: High frequency timer resolution =10.000000 MHz
[2020.11.17-11.34.01:288][  0]LogMemory: Memory total: Physical=15.9GB (16GB approx)
[2020.11.17-11.34.01:288][  0]LogMemory: Platform Memory Stats for Windows
[2020.11.17-11.34.01:288][  0]LogMemory: Process Physical Memory: 105.13 MB used, 105.14 MB peak
[2020.11.17-11.34.01:288][  0]LogMemory: Process Virtual Memory: 100.65 MB used, 100.65 MB peak
[2020.11.17-11.34.01:288][  0]LogMemory: Physical Memory: 6389.02 MB used,  9915.15 MB free, 16304.17 MB total
[2020.11.17-11.34.01:288][  0]LogMemory: Virtual Memory: 5131.70 MB used,  134212600.00 MB free, 134217728.00 MB total
[2020.11.17-11.34.01:291][  0]LogWindows: WindowsPlatformFeatures enabled
[2020.11.17-11.34.01:311][  0]LogInit: Using OS detected language (en-US).
[2020.11.17-11.34.01:311][  0]LogInit: Using OS detected locale (pl-PL).
[2020.11.17-11.34.01:312][  0]LogTextLocalizationManager: No specific localization for 'en-US' exists, so the 'en' localization will be used.
[2020.11.17-11.34.01:446][  0]LogInit: Setting process to per monitor DPI aware
[2020.11.17-11.34.01:467][  0]LogSlate: New Slate User Created.  User Index 0, Is Virtual User: 0
[2020.11.17-11.34.01:467][  0]LogSlate: Slate User Registered.  User Index 0, Is Virtual User: 0
[2020.11.17-11.34.01:630][  0]LogHMD: Failed to initialize OpenVR with code 110
[2020.11.17-11.34.01:630][  0]LogD3D11RHI: D3D11 min allowed feature level: 11_0
[2020.11.17-11.34.01:630][  0]LogD3D11RHI: D3D11 max allowed feature level: 11_0
[2020.11.17-11.34.01:630][  0]LogD3D11RHI: D3D11 adapters:
[2020.11.17-11.34.01:682][  0]LogD3D11RHI:    0. 'NVIDIA GeForce GTX 1060 6GB' (Feature Level 11_0)
[2020.11.17-11.34.01:682][  0]LogD3D11RHI:       6052/0/8152 MB DedicatedVideo/DedicatedSystem/SharedSystem, Outputs:1, VendorId:0x10de
[2020.11.17-11.34.01:685][  0]LogD3D11RHI:    1. 'Microsoft Basic Render Driver' (Feature Level 11_0)
[2020.11.17-11.34.01:685][  0]LogD3D11RHI:       0/0/8152 MB DedicatedVideo/DedicatedSystem/SharedSystem, Outputs:0, VendorId:0x1414
[2020.11.17-11.34.01:685][  0]LogD3D11RHI: Chosen D3D11 Adapter: 0
[2020.11.17-11.34.01:691][  0]LogD3D11RHI: Creating new Direct3DDevice
[2020.11.17-11.34.01:691][  0]LogD3D11RHI:     GPU DeviceId: 0x1c03 (for the marketing name, search the web for "GPU Device Id")
[2020.11.17-11.34.01:691][  0]LogWindows: EnumDisplayDevices:
[2020.11.17-11.34.01:692][  0]LogWindows:    0. 'NVIDIA GeForce GTX 1060 6GB' (P:1 D:1)
[2020.11.17-11.34.01:692][  0]LogWindows:    1. 'NVIDIA GeForce GTX 1060 6GB' (P:0 D:0)
[2020.11.17-11.34.01:692][  0]LogWindows:    2. 'NVIDIA GeForce GTX 1060 6GB' (P:0 D:0)
[2020.11.17-11.34.01:692][  0]LogWindows:    3. 'NVIDIA GeForce GTX 1060 6GB' (P:0 D:0)
[2020.11.17-11.34.01:693][  0]LogWindows: DebugString: FoundDriverCount:4 
[2020.11.17-11.34.01:693][  0]LogD3D11RHI:     Adapter Name: NVIDIA GeForce GTX 1060 6GB
[2020.11.17-11.34.01:693][  0]LogD3D11RHI:   Driver Version: 446.14 (internal:26.21.14.4614, unified:446.14)
[2020.11.17-11.34.01:693][  0]LogD3D11RHI:      Driver Date: 5-15-2020
[2020.11.17-11.34.01:693][  0]LogRHI: Texture pool is 4236 MB (70% of 6052 MB)
[2020.11.17-11.34.01:732][  0]LogD3D11RHI: RHI has support for 64 bit atomics
[2020.11.17-11.34.01:732][  0]LogD3D11RHI: Async texture creation enabled
[2020.11.17-11.34.01:761][  0]LogD3D11RHI: GPU Timing Frequency: 1000.000000 (Debug: 2 2)
[2020.11.17-11.34.02:029][  0]LogTargetPlatformManager: Display: Loaded TargetPlatform 'AllDesktop'
[2020.11.17-11.34.02:055][  0]LogTargetPlatformManager: Display: Loaded TargetPlatform 'Android'
[2020.11.17-11.34.02:055][  0]LogTargetPlatformManager: Display: Loaded TargetPlatform 'Android_ASTC'
[2020.11.17-11.34.02:055][  0]LogTargetPlatformManager: Display: Loaded TargetPlatform 'Android_ATC'
[2020.11.17-11.34.02:055][  0]LogTargetPlatformManager: Display: Loaded TargetPlatform 'Android_DXT'
[2020.11.17-11.34.02:055][  0]LogTargetPlatformManager: Display: Loaded TargetPlatform 'Android_ETC1'
[2020.11.17-11.34.02:055][  0]LogTargetPlatformManager: Display: Loaded TargetPlatform 'Android_ETC1a'
[2020.11.17-11.34.02:055][  0]LogTargetPlatformManager: Display: Loaded TargetPlatform 'Android_ETC2'
[2020.11.17-11.34.02:055][  0]LogTargetPlatformManager: Display: Loaded TargetPlatform 'Android_PVRTC'
[2020.11.17-11.34.02:055][  0]LogTargetPlatformManager: Display: Loaded TargetPlatform 'AndroidClient'
[2020.11.17-11.34.02:055][  0]LogTargetPlatformManager: Display: Loaded TargetPlatform 'Android_ASTCClient'
[2020.11.17-11.34.02:055][  0]LogTargetPlatformManager: Display: Loaded TargetPlatform 'Android_ATCClient'
[2020.11.17-11.34.02:055][  0]LogTargetPlatformManager: Display: Loaded TargetPlatform 'Android_DXTClient'
[2020.11.17-11.34.02:055][  0]LogTargetPlatformManager: Display: Loaded TargetPlatform 'Android_ETC1Client'
[2020.11.17-11.34.02:055][  0]LogTargetPlatformManager: Display: Loaded TargetPlatform 'Android_ETC1aClient'
[2020.11.17-11.34.02:055][  0]LogTargetPlatformManager: Display: Loaded TargetPlatform 'Android_ETC2Client'
[2020.11.17-11.34.02:055][  0]LogTargetPlatformManager: Display: Loaded TargetPlatform 'Android_PVRTCClient'
[2020.11.17-11.34.02:055][  0]LogTargetPlatformManager: Display: Loaded TargetPlatform 'Android_Multi'
[2020.11.17-11.34.02:055][  0]LogTargetPlatformManager: Display: Loaded TargetPlatform 'Android_MultiClient'
[2020.11.17-11.34.02:071][  0]LogTargetPlatformManager: Display: Loaded TargetPlatform 'IOSClient'
[2020.11.17-11.34.02:071][  0]LogTargetPlatformManager: Display: Loaded TargetPlatform 'IOS'
[2020.11.17-11.34.02:078][  0]LogTargetPlatformManager: Display: Loaded TargetPlatform 'LinuxNoEditor'
[2020.11.17-11.34.02:084][  0]LogTargetPlatformManager: Display: Loaded TargetPlatform 'LinuxClient'
[2020.11.17-11.34.02:090][  0]LogTargetPlatformManager: Display: Loaded TargetPlatform 'LinuxServer'
[2020.11.17-11.34.02:097][  0]LogTargetPlatformManager: Display: Loaded TargetPlatform 'LinuxAArch64NoEditor'
[2020.11.17-11.34.02:103][  0]LogTargetPlatformManager: Display: Loaded TargetPlatform 'LinuxAArch64Client'
[2020.11.17-11.34.02:110][  0]LogTargetPlatformManager: Display: Loaded TargetPlatform 'LinuxAArch64Server'
[2020.11.17-11.34.02:130][  0]LogTargetPlatformManager: Display: Loaded TargetPlatform 'Lumin'
[2020.11.17-11.34.02:130][  0]LogTargetPlatformManager: Display: Loaded TargetPlatform 'LuminClient'
[2020.11.17-11.34.02:142][  0]LogTargetPlatformManager: Display: Loaded TargetPlatform 'TVOSClient'
[2020.11.17-11.34.02:142][  0]LogTargetPlatformManager: Display: Loaded TargetPlatform 'TVOS'
[2020.11.17-11.34.02:148][  0]LogTargetPlatformManager: Display: Loaded TargetPlatform 'WindowsNoEditor'
[2020.11.17-11.34.02:155][  0]LogTargetPlatformManager: Display: Loaded TargetPlatform 'Windows'
[2020.11.17-11.34.02:161][  0]LogTargetPlatformManager: Display: Loaded TargetPlatform 'WindowsClient'
[2020.11.17-11.34.02:167][  0]LogTargetPlatformManager: Display: Loaded TargetPlatform 'WindowsServer'
[2020.11.17-11.34.02:167][  0]LogTargetPlatformManager: Display: Building Assets For Windows
[2020.11.17-11.34.02:171][  0]LogAudioDebug: Display: Lib vorbis DLL was dynamically loaded.
[2020.11.17-11.34.02:191][  0]LogShaderCompilers: Guid format shader working directory is -1 characters bigger than the processId version (C:/Users/Admin/Documents/GitHub/2DD2Reality/D2/Intermediate/Shaders/WorkingDirectory/17660/).
[2020.11.17-11.34.02:191][  0]LogShaderCompilers: Cleaned the shader compiler working directory 'C:/Users/Admin/AppData/Local/Temp/UnrealShaderWorkingDir/5F71359A4A590CC04C16E28F0764F441/'.
[2020.11.17-11.34.02:192][  0]LogXGEController: Cannot use XGE Controller as Incredibuild is not installed on this machine.
[2020.11.17-11.34.02:192][  0]LogShaderCompilers: Cannot use XGE Shader Compiler as Incredibuild is not installed on this machine.
[2020.11.17-11.34.02:192][  0]LogShaderCompilers: Display: Using Local Shader Compiler.
[2020.11.17-11.34.02:803][  0]LogDerivedDataCache: Display: Max Cache Size: 512 MB
[2020.11.17-11.34.02:847][  0]LogDerivedDataCache: Loaded boot cache 0.04s 78MB C:/Users/Admin/AppData/Local/UnrealEngine/4.24/DerivedDataCache/Boot.ddc.
[2020.11.17-11.34.02:848][  0]LogDerivedDataCache: Display: Loaded Boot cache: C:/Users/Admin/AppData/Local/UnrealEngine/4.24/DerivedDataCache/Boot.ddc
[2020.11.17-11.34.02:848][  0]LogDerivedDataCache: FDerivedDataBackendGraph:  Pak pak cache file C:/Users/Admin/Documents/GitHub/2DD2Reality/D2/DerivedDataCache/DDC.ddp not found, will not use a pak cache.
[2020.11.17-11.34.02:848][  0]LogDerivedDataCache: Unable to find inner node Pak for hierarchical cache Hierarchy.
[2020.11.17-11.34.02:848][  0]LogDerivedDataCache: FDerivedDataBackendGraph:  CompressedPak pak cache file C:/Users/Admin/Documents/GitHub/2DD2Reality/D2/DerivedDataCache/Compressed.ddp not found, will not use a pak cache.
[2020.11.17-11.34.02:848][  0]LogDerivedDataCache: Unable to find inner node CompressedPak for hierarchical cache Hierarchy.
[2020.11.17-11.34.02:855][  0]LogDerivedDataCache: Display: Pak cache opened for reading ../../../Engine/DerivedDataCache/Compressed.ddp.
[2020.11.17-11.34.02:855][  0]LogDerivedDataCache: FDerivedDataBackendGraph:  EnterprisePak pak cache file ../../../Enterprise/DerivedDataCache/Compressed.ddp not found, will not use a pak cache.
[2020.11.17-11.34.02:855][  0]LogDerivedDataCache: Unable to find inner node EnterprisePak for hierarchical cache Hierarchy.
[2020.11.17-11.34.02:857][  0]LogDerivedDataCache: Using Local data cache path C:/Users/Admin/AppData/Local/UnrealEngine/Common/DerivedDataCache: Writable
[2020.11.17-11.34.02:857][  0]LogDerivedDataCache: Shared data cache path not found in *engine.ini, will not use an Shared cache.
[2020.11.17-11.34.02:857][  0]LogDerivedDataCache: Unable to find inner node Shared for hierarchical cache Hierarchy.
[2020.11.17-11.34.02:878][  0]LogMaterial: Verifying Global Shaders for PCD3D_SM5
[2020.11.17-11.34.02:880][  0]LogSlate: Using FreeType 2.10.0
[2020.11.17-11.34.02:880][  0]LogSlate: SlateFontServices - WITH_FREETYPE: 1, WITH_HARFBUZZ: 1
[2020.11.17-11.34.02:932][  0]LogAssetRegistry: FAssetRegistry took 0.0020 seconds to start up
[2020.11.17-11.34.03:166][  0]LogInit: Selected Device Profile: [Windows]
[2020.11.17-11.34.03:296][  0]LogMeshReduction: Using QuadricMeshReduction for automatic static mesh reduction
[2020.11.17-11.34.03:296][  0]LogMeshReduction: Using SimplygonMeshReduction for automatic skeletal mesh reduction
[2020.11.17-11.34.03:296][  0]LogMeshReduction: Using ProxyLODMeshReduction for automatic mesh merging
[2020.11.17-11.34.03:296][  0]LogMeshReduction: No distributed automatic mesh merging module available
[2020.11.17-11.34.03:296][  0]LogMeshMerging: No distributed automatic mesh merging module available
[2020.11.17-11.34.03:305][  0]LogNetVersion: D2 1.0.0, NetCL: 10570792, EngineNetVer: 13, GameNetVer: 0 (Checksum: 2760690963)
[2020.11.17-11.34.04:235][  0]LogPackageLocalizationCache: Processed 10 localized package path(s) for 1 prioritized culture(s) in 0.036322 seconds
[2020.11.17-11.34.04:241][  0]LogUObjectArray: 46750 objects as part of root set at end of initial load.
[2020.11.17-11.34.04:241][  0]LogUObjectAllocator: 8137160 out of 0 bytes used by permanent object pool.
[2020.11.17-11.34.04:241][  0]LogUObjectArray: CloseDisregardForGC: 0/0 objects in disregard for GC pool
[2020.11.17-11.34.04:581][  0]LogTcpMessaging: Initializing TcpMessaging bridge
[2020.11.17-11.34.04:583][  0]LogUdpMessaging: Initializing bridge on interface 0.0.0.0:0 to multicast group 230.0.0.1:6666.
[2020.11.17-11.34.04:644][  0]SourceControl: Source control is disabled
[2020.11.17-11.34.05:121][  0]LogAndroidPermission: UAndroidPermissionCallbackProxy::GetInstance
[2020.11.17-11.34.05:130][  0]LogAudioCaptureCore: Display: No Audio Capture implementations found. Audio input will be silent.
[2020.11.17-11.34.05:130][  0]LogAudioCaptureCore: Display: No Audio Capture implementations found. Audio input will be silent.
[2020.11.17-11.34.05:203][  0]LogOcInput: OculusInput pre-init called
[2020.11.17-11.34.05:209][  0]LogWindows: Failed to load 'OVRPlugin.dll' (GetLastError=126)
[2020.11.17-11.34.05:209][  0]LogWindows: File 'OVRPlugin.dll' does not exist
[2020.11.17-11.34.05:265][  0]LogEngine: Initializing Engine...
[2020.11.17-11.34.05:265][  0]LogHMD: Failed to initialize OpenVR with code 110
[2020.11.17-11.34.05:266][  0]LogStats: UGameplayTagsManager::InitializeManager -  0.000 s
[2020.11.17-11.34.05:545][  0]LogInit: Initializing FReadOnlyCVARCache
[2020.11.17-11.34.05:550][  0]LogAIModule: Creating AISystem for world Untitled
[2020.11.17-11.34.05:567][  0]LogAudioMixer: Display: Audio Mixer Platform Settings:
[2020.11.17-11.34.05:567][  0]LogAudioMixer: Display: 	Sample Rate:						  48000
[2020.11.17-11.34.05:567][  0]LogAudioMixer: Display: 	Callback Buffer Frame Size Requested: 1024
[2020.11.17-11.34.05:567][  0]LogAudioMixer: Display: 	Callback Buffer Frame Size To Use:	  1024
[2020.11.17-11.34.05:567][  0]LogAudioMixer: Display: 	Number of buffers to queue:			  2
[2020.11.17-11.34.05:567][  0]LogAudioMixer: Display: 	Max Channels (voices):				  32
[2020.11.17-11.34.05:567][  0]LogAudioMixer: Display: 	Number of Async Source Workers:		  0
[2020.11.17-11.34.05:567][  0]LogAudio: Display: AudioDevice MaxSources: 32
[2020.11.17-11.34.05:567][  0]LogAudio: Display: Using built-in audio occlusion.
[2020.11.17-11.34.05:567][  0]LogAudioMixer: Display: Initializing audio mixer.
[2020.11.17-11.34.05:595][  0]LogAudioMixer: Display: Audio Device Output Speaker Info:
[2020.11.17-11.34.05:595][  0]LogAudioMixer: Display: Name: VoiceMeeter Input (VB-Audio VoiceMeeter VAIO)
[2020.11.17-11.34.05:596][  0]LogAudioMixer: Display: Is Default: Yes
[2020.11.17-11.34.05:596][  0]LogAudioMixer: Display: Sample Rate: 48000
[2020.11.17-11.34.05:596][  0]LogAudioMixer: Display: Channel Count Used: 2
[2020.11.17-11.34.05:596][  0]LogAudioMixer: Display: Device Channel Count: 2
[2020.11.17-11.34.05:596][  0]LogAudioMixer: Display: Channel Order:
[2020.11.17-11.34.05:596][  0]LogAudioMixer: Display: 0: FrontLeft
[2020.11.17-11.34.05:596][  0]LogAudioMixer: Display: 1: FrontRight
[2020.11.17-11.34.05:609][  0]LogAudioMixer: Display: Using Audio Device VoiceMeeter Input (VB-Audio VoiceMeeter VAIO)
[2020.11.17-11.34.05:613][  0]LogInit: FAudioDevice initialized.
[2020.11.17-11.34.05:613][  0]LogNetVersion: Set ProjectVersion to 1.0.0.0. Version Checksum will be recalculated on next use.
[2020.11.17-11.34.05:741][  0]LogDerivedDataCache: Saved boot cache 0.13s 78MB C:/Users/Admin/AppData/Local/UnrealEngine/4.24/DerivedDataCache/Boot.ddc.
[2020.11.17-11.34.05:745][  0]LogInit: Texture streaming: Enabled
[2020.11.17-11.34.05:753][  0]LogEngineSessionManager: EngineSessionManager initialized
[2020.11.17-11.34.05:753][  0]LogEditorSessionSummary: Verbose: Initializing EditorSessionSummaryWriter for editor session tracking
[2020.11.17-11.34.05:755][  0]LogEditorSessionSummary: EditorSessionSummaryWriter initialized
[2020.11.17-11.34.05:793][  0]LogInit: Transaction tracking system initialized
[2020.11.17-11.34.05:802][  0]BlueprintLog: New page: Editor Load
[2020.11.17-11.34.05:828][  0]LocalizationService: Localization service is disabled
[2020.11.17-11.34.06:316][  0]LogFileCache: Scanning file cache for directory 'C:/Users/Admin/Documents/GitHub/2DD2Reality/D2/Content/' took 0.00s
[2020.11.17-11.34.06:316][  0]LogCook: Display: Max memory allowance for cook 16384mb min free memory 0mb
[2020.11.17-11.34.06:316][  0]LogCook: Display: Mobile HDR setting 1
[2020.11.17-11.34.06:958][  0]Cmd: MAP LOAD FILE="C:/Users/Admin/Documents/GitHub/2DD2Reality/D2/Content/2DSideScrollerBP/Maps/2DSideScrollerExampleMap.umap" TEMPLATE=0 SHOWPROGRESS=1 FEATURELEVEL=3
[2020.11.17-11.34.06:959][  0]LightingResults: New page: Lighting Build
[2020.11.17-11.34.06:960][  0]LogWorld: UWorld::CleanupWorld for Untitled, bSessionEnded=true, bCleanupResources=true
[2020.11.17-11.34.06:960][  0]LogSlate: InvalidateAllWidgets triggered.  All widgets were invalidated
[2020.11.17-11.34.06:960][  0]MapCheck: New page: Map Check
[2020.11.17-11.34.06:960][  0]LightingResults: New page: Lighting Build
[2020.11.17-11.34.06:983][  0]LogUObjectHash: Compacting FUObjectHashTables data took   1.34ms
[2020.11.17-11.34.07:032][  0]LogAIModule: Creating AISystem for world 2DSideScrollerExampleMap
[2020.11.17-11.34.07:033][  0]LogEditorServer: Finished looking for orphan Actors (0.000 secs)
[2020.11.17-11.34.07:056][  0]LogUObjectHash: Compacting FUObjectHashTables data took   1.74ms
[2020.11.17-11.34.07:056][  0]Cmd: MAP CHECKDEP NOCLEARLOG
[2020.11.17-11.34.07:057][  0]MapCheck: Map check complete: 0 Error(s), 0 Warning(s), took 0,152ms to complete.
[2020.11.17-11.34.07:057][  0]LogFileHelpers: Loading map '2DSideScrollerExampleMap' took 0.098
[2020.11.17-11.34.07:190][  0]LogSlate: Updating window title bar state: overlay mode, drag disabled, window buttons hidden, title bar hidden
[2020.11.17-11.34.07:197][  0]LogSlate: Updating window title bar state: overlay mode, drag disabled, window buttons hidden, title bar hidden
[2020.11.17-11.34.07:202][  0]LogSlate: Updating window title bar state: overlay mode, drag disabled, window buttons hidden, title bar hidden
[2020.11.17-11.34.07:208][  0]LogSlate: Updating window title bar state: overlay mode, drag disabled, window buttons hidden, title bar hidden
[2020.11.17-11.34.07:212][  0]LogCollectionManager: Loaded 0 collections in 0.000737 seconds
[2020.11.17-11.34.07:221][  0]LogFileCache: Scanning file cache for directory 'C:/Users/Admin/Documents/GitHub/2DD2Reality/D2/Saved/Collections/' took 0.00s
[2020.11.17-11.34.07:222][  0]LogFileCache: Scanning file cache for directory 'C:/Users/Admin/Documents/GitHub/2DD2Reality/D2/Content/Developers/Admin/Collections/' took 0.00s
[2020.11.17-11.34.07:222][  0]LogFileCache: Scanning file cache for directory 'C:/Users/Admin/Documents/GitHub/2DD2Reality/D2/Content/Collections/' took 0.00s
[2020.11.17-11.34.07:222][  0]LogContentBrowser: Native class hierarchy populated in 0.0068 seconds. Added 3024 classes and 722 folders.
[2020.11.17-11.34.07:224][  0]LogContentBrowser: Native class hierarchy updated for 'WidgetCarousel' in 0.0002 seconds. Added 0 classes and 0 folders.
[2020.11.17-11.34.07:288][  0]LogContentBrowser: Native class hierarchy updated for 'AddContentDialog' in 0.0003 seconds. Added 0 classes and 0 folders.
[2020.11.17-11.34.07:293][  0]LogContentBrowser: Native class hierarchy updated for 'SceneOutliner' in 0.0002 seconds. Added 2 classes and 3 folders.
[2020.11.17-11.34.07:323][  0]LogSlate: Took 0.000202 seconds to synchronously load lazily loaded font '../../../Engine/Content/Slate/Fonts/Roboto-Regular.ttf' (155K)
[2020.11.17-11.34.07:325][  0]LogSlate: Took 0.000225 seconds to synchronously load lazily loaded font '../../../Engine/Content/Slate/Fonts/Roboto-Bold.ttf' (160K)
[2020.11.17-11.34.07:329][  0]LogSlate: Took 0.000150 seconds to synchronously load lazily loaded font '../../../Engine/Content/Editor/Slate/Fonts/FontAwesome.ttf' (139K)
[2020.11.17-11.34.07:389][  0]LogRenderer: Reallocating scene render targets to support 1208x572 Format 9 NumSamples 1 (Frame:1).
[2020.11.17-11.34.07:455][  0]LogContentBrowser: Native class hierarchy updated for 'HierarchicalLODOutliner' in 0.0003 seconds. Added 0 classes and 0 folders.
[2020.11.17-11.34.07:455][  0]LogLoad: (Engine Initialization) Total time: 7.54 seconds
[2020.11.17-11.34.07:455][  0]LogLoad: (Engine Initialization) Total Blueprint compile time: 0.00 seconds
[2020.11.17-11.34.07:495][  0]LogAssetRegistry: Asset discovery search completed in 4.5646 seconds
[2020.11.17-11.34.07:498][  0]LogCollectionManager: Fixed up redirectors for 0 collections in 0.000007 seconds (updated 0 objects)
[2020.11.17-11.34.07:499][  0]LogContentStreaming: Texture pool size now 800 MB
[2020.11.17-11.34.07:516][  0]LogSlate: Took 0.000162 seconds to synchronously load lazily loaded font '../../../Engine/Content/Slate/Fonts/Roboto-Light.ttf' (167K)
[2020.11.17-11.34.24:451][459]LogSlate: Took 0.000176 seconds to synchronously load lazily loaded font '../../../Engine/Content/Slate/Fonts/Roboto-Light.ttf' (167K)
[2020.11.17-11.34.24:467][459]LogAssetEditorSubsystem: Opening Asset editor for PaperSprite /Game/2DSideScrollerBP/Character/Sprites/run4_Sprite.run4_Sprite
[2020.11.17-11.34.24:614][459]LogSlate: Took 0.000184 seconds to synchronously load lazily loaded font '../../../Engine/Content/Slate/Fonts/Roboto-BoldCondensed.ttf' (158K)
[2020.11.17-11.34.24:676][459]LogRenderer: Reallocating scene render targets to support 1528x916 Format 9 NumSamples 1 (Frame:1).
[2020.11.17-11.34.27:879][803]LogSavePackage: Moving 'C:/Users/Admin/Documents/GitHub/2DD2Reality/D2/Saved/run4_Sprite978E38F74A2B52CC03016EA2AA2BEC3A.tmp' to 'C:/Users/Admin/Documents/GitHub/2DD2Reality/D2/Content/2DSideScrollerBP/Character/Sprites/run4_Sprite.uasset'
[2020.11.17-11.34.27:895][803]AssetCheck: New page: Asset Save: run4_Sprite
[2020.11.17-11.34.27:895][803]LogContentValidation: Display: Validating PaperSprite /Game/2DSideScrollerBP/Character/Sprites/run4_Sprite.run4_Sprite
[2020.11.17-11.34.28:237][844]LogSlate: Window 'run4_Sprite' being destroyed
[2020.11.17-11.34.28:240][844]LogSlate: Window 'run4_Sprite' being destroyed
[2020.11.17-11.34.28:250][844]LogWorld: UWorld::CleanupWorld for World_0, bSessionEnded=true, bCleanupResources=true
[2020.11.17-11.34.28:250][844]LogSlate: InvalidateAllWidgets triggered.  All widgets were invalidated
[2020.11.17-11.34.38:919][388]LogFactory: FactoryCreateFile: Texture with ReimportTextureFactory (0 0 C:\Users\Admin\Downloads\run2.png)
[2020.11.17-11.34.38:940][388]LogTexture: Display: Building textures: run2 (AutoDXT, 32X32)
[2020.11.17-11.34.41:732][611]Cmd: OBJ SAVEPACKAGE PACKAGE="/Game/run2" FILE="C:/Users/Admin/Documents/GitHub/2DD2Reality/D2/Content/run2.uasset" SILENT=true
[2020.11.17-11.34.41:738][611]LogSavePackage: Moving 'C:/Users/Admin/Documents/GitHub/2DD2Reality/D2/Saved/run23D123ACA434E5A3144F295B6B87D6B4B.tmp' to 'C:/Users/Admin/Documents/GitHub/2DD2Reality/D2/Content/run2.uasset'
[2020.11.17-11.34.41:895][611]AssetCheck: New page: Asset Save: run2
[2020.11.17-11.34.41:895][611]LogContentValidation: Display: Validating Texture2D /Game/run2.run2
[2020.11.17-11.35.02:780][571]SourceControl: fatal: D:/UnrealEngine/UE_4.24/Engine/Content: 'D:/UnrealEngine/UE_4.24/Engine/Content' is outside repository at 'C:/Users/Admin/Documents/GitHub/2DD2Reality'
[2020.11.17-11.35.02:894][571]LogFileHelpers: Warning: FilenameToLongPackageName failed to convert '../../../Engine/Plugins/Developer/Concert/ConcertSync/ConcertSyncClient/Content/ConcertAssets.uasset'. Attempt result was '../../../Engine/Plugins/Developer/Concert/ConcertSync/ConcertSyncClient/Content/ConcertAssets', but the path contains illegal characters '.'
[2020.11.17-11.35.02:894][571]LogFileHelpers: Warning: FilenameToLongPackageName failed to convert '../../../Engine/Plugins/Developer/Concert/ConcertSync/ConcertSyncClient/Content/DesktopPresence.uasset'. Attempt result was '../../../Engine/Plugins/Developer/Concert/ConcertSync/ConcertSyncClient/Content/DesktopPresence', but the path contains illegal characters '.'
[2020.11.17-11.35.02:894][571]LogFileHelpers: Warning: FilenameToLongPackageName failed to convert '../../../Engine/Plugins/Developer/Concert/ConcertSync/ConcertSyncClient/Content/HeadMaterial.uasset'. Attempt result was '../../../Engine/Plugins/Developer/Concert/ConcertSync/ConcertSyncClient/Content/HeadMaterial', but the path contains illegal characters '.'
[2020.11.17-11.35.02:894][571]LogFileHelpers: Warning: FilenameToLongPackageName failed to convert '../../../Engine/Plugins/Developer/Concert/ConcertSync/ConcertSyncClient/Content/HeadMesh.uasset'. Attempt result was '../../../Engine/Plugins/Developer/Concert/ConcertSync/ConcertSyncClient/Content/HeadMesh', but the path contains illegal characters '.'
[2020.11.17-11.35.02:894][571]LogFileHelpers: Warning: FilenameToLongPackageName failed to convert '../../../Engine/Plugins/Developer/Concert/ConcertSync/ConcertSyncClient/Content/MonitorMesh.uasset'. Attempt result was '../../../Engine/Plugins/Developer/Concert/ConcertSync/ConcertSyncClient/Content/MonitorMesh', but the path contains illegal characters '.'
[2020.11.17-11.35.02:894][571]LogFileHelpers: Warning: FilenameToLongPackageName failed to convert '../../../Engine/Plugins/Developer/Concert/ConcertSync/ConcertSyncClient/Content/M_CameraFacing-scaling.uasset'. Attempt result was '../../../Engine/Plugins/Developer/Concert/ConcertSync/ConcertSyncClient/Content/M_CameraFacing-scaling', but the path contains illegal characters '.'
[2020.11.17-11.35.02:894][571]LogFileHelpers: Warning: FilenameToLongPackageName failed to convert '../../../Engine/Plugins/Developer/Concert/ConcertSync/ConcertSyncClient/Content/M_CameraFacing.uasset'. Attempt result was '../../../Engine/Plugins/Developer/Concert/ConcertSync/ConcertSyncClient/Content/M_CameraFacing', but the path contains illegal characters '.'
[2020.11.17-11.35.02:894][571]LogFileHelpers: Warning: FilenameToLongPackageName failed to convert '../../../Engine/Plugins/Developer/Concert/ConcertSync/ConcertSyncClient/Content/M_CameraFacingText.uasset'. Attempt result was '../../../Engine/Plugins/Developer/Concert/ConcertSync/ConcertSyncClient/Content/M_CameraFacingText', but the path contains illegal characters '.'
[2020.11.17-11.35.02:894][571]LogFileHelpers: Warning: FilenameToLongPackageName failed to convert '../../../Engine/Plugins/Developer/Concert/ConcertSync/ConcertSyncClient/Content/M_ConcertClientPresence-Desktop.uasset'. Attempt result was '../../../Engine/Plugins/Developer/Concert/ConcertSync/ConcertSyncClient/Content/M_ConcertClientPresence-Desktop', but the path contains illegal characters '.'
[2020.11.17-11.35.02:894][571]LogFileHelpers: Warning: FilenameToLongPackageName failed to convert '../../../Engine/Plugins/Developer/Concert/ConcertSync/ConcertSyncClient/Content/M_ConcertClientPresence.uasset'. Attempt result was '../../../Engine/Plugins/Developer/Concert/ConcertSync/ConcertSyncClient/Content/M_ConcertClientPresence', but the path contains illegal characters '.'
[2020.11.17-11.35.02:894][571]LogFileHelpers: Warning: FilenameToLongPackageName failed to convert '../../../Engine/Plugins/Developer/Concert/ConcertSync/ConcertSyncClient/Content/M_ConePresence.uasset'. Attempt result was '../../../Engine/Plugins/Developer/Concert/ConcertSync/ConcertSyncClient/Content/M_ConePresence', but the path contains illegal characters '.'
[2020.11.17-11.35.02:894][571]LogFileHelpers: Warning: FilenameToLongPackageName failed to convert '../../../Engine/Plugins/Developer/Concert/ConcertSync/ConcertSyncClient/Content/M_MonitorScreen.uasset'. Attempt result was '../../../Engine/Plugins/Developer/Concert/ConcertSync/ConcertSyncClient/Content/M_MonitorScreen', but the path contains illegal characters '.'
[2020.11.17-11.35.02:895][571]LogFileHelpers: Warning: FilenameToLongPackageName failed to convert '../../../Engine/Plugins/Developer/Concert/ConcertSync/ConcertSyncClient/Content/M_UE4Head_Body.uasset'. Attempt result was '../../../Engine/Plugins/Developer/Concert/ConcertSync/ConcertSyncClient/Content/M_UE4Head_Body', but the path contains illegal characters '.'
[2020.11.17-11.35.02:895][571]LogFileHelpers: Warning: FilenameToLongPackageName failed to convert '../../../Engine/Plugins/Developer/Concert/ConcertSync/ConcertSyncClient/Content/M_UE4Head_Desktop.uasset'. Attempt result was '../../../Engine/Plugins/Developer/Concert/ConcertSync/ConcertSyncClient/Content/M_UE4Head_Desktop', but the path contains illegal characters '.'
[2020.11.17-11.35.02:895][571]LogFileHelpers: Warning: FilenameToLongPackageName failed to convert '../../../Engine/Plugins/Developer/Concert/ConcertSync/ConcertSyncClient/Content/SM_GenericHMD.uasset'. Attempt result was '../../../Engine/Plugins/Developer/Concert/ConcertSync/ConcertSyncClient/Content/SM_GenericHMD', but the path contains illegal characters '.'
[2020.11.17-11.35.02:895][571]LogFileHelpers: Warning: FilenameToLongPackageName failed to convert '../../../Engine/Plugins/Developer/Concert/ConcertSync/ConcertSyncClient/Content/SM_Hand-Lft-Mesh.uasset'. Attempt result was '../../../Engine/Plugins/Developer/Concert/ConcertSync/ConcertSyncClient/Content/SM_Hand-Lft-Mesh', but the path contains illegal characters '.'
[2020.11.17-11.35.02:895][571]LogFileHelpers: Warning: FilenameToLongPackageName failed to convert '../../../Engine/Plugins/Developer/Concert/ConcertSync/ConcertSyncClient/Content/SM_PresenceCone.uasset'. Attempt result was '../../../Engine/Plugins/Developer/Concert/ConcertSync/ConcertSyncClient/Content/SM_PresenceCone', but the path contains illegal characters '.'
[2020.11.17-11.35.02:895][571]LogFileHelpers: Warning: FilenameToLongPackageName failed to convert '../../../Engine/Plugins/Developer/Concert/ConcertSync/ConcertSyncClient/Content/UE4_Mannequin__normals.uasset'. Attempt result was '../../../Engine/Plugins/Developer/Concert/ConcertSync/ConcertSyncClient/Content/UE4_Mannequin__normals', but the path contains illegal characters '.'
[2020.11.17-11.35.02:895][571]LogFileHelpers: Warning: FilenameToLongPackageName failed to convert '../../../Engine/Plugins/Developer/Concert/ConcertSync/ConcertSyncClient/Content/VRPresence.uasset'. Attempt result was '../../../Engine/Plugins/Developer/Concert/ConcertSync/ConcertSyncClient/Content/VRPresence', but the path contains illegal characters '.'
[2020.11.17-11.35.07:646][571]LogSlate: Window 'Submit Files' being destroyed
[2020.11.17-11.35.08:075][571]LogSourceControl: commit successful: [PerSki 164708b] update 02
[2020.11.17-11.35.08:295][571]SourceControl: [PerSki 164708b] update 02
[2020.11.17-11.35.08:295][571]SourceControl:  4 files changed, 0 insertions(+), 0 deletions(-)
[2020.11.17-11.35.08:295][571]SourceControl:  rewrite D2/Content/2DSideScrollerBP/Character/Sprites/run4_Sprite.uasset (98%)
[2020.11.17-11.35.08:295][571]SourceControl:  rewrite D2/Content/2DSideScrollerBP/Maps/2DSideScrollerExampleMap.umap (87%)
[2020.11.17-11.35.08:295][571]SourceControl:  create mode 100644 D2/Content/run2.uasset
[2020.11.17-11.35.08:298][571]SourceControl: Commited [PerSki 164708b] update 02.
[2020.11.17-11.35.25:834][309]LogSlate: Window 'Message Log' being destroyed
[2020.11.17-11.35.25:837][309]LogSlate: Window 'Message Log' being destroyed
[2020.11.17-11.35.40:943][331]LogSlate: Window 'Source Control Login' being destroyed
[2020.11.17-11.36.22:335][149]LogSlate: Window 'Project Settings' being destroyed
[2020.11.17-11.36.22:339][149]LogSlate: Window 'Project Settings' being destroyed
